<?xml version="1.0" encoding="UTF-8"?>
<!-- Generated by org.testng.reporters.JUnitReportReporter -->
<testsuite hostname="hoang-ngoc-anh" failures="0" tests="12" name="TestSuite.UpdateAccount" time="19.640" errors="0" timestamp="2022-12-30T00:32:07 ICT" skipped="0">
  <testcase classname="TestSuite.UpdateAccount" name="MODULE7_06" time="1.635"/>
  <testcase classname="TestSuite.UpdateAccount" name="MODULE7_02" time="1.387"/>
  <testcase classname="TestSuite.UpdateAccount" name="MODULE7_08" time="1.474"/>
  <testcase classname="TestSuite.UpdateAccount" name="MODULE7_03" time="1.432"/>
  <testcase classname="TestSuite.UpdateAccount" name="MODULE7_09" time="1.478"/>
  <testcase classname="TestSuite.UpdateAccount" name="MODULE7_05" time="1.459"/>
  <testcase classname="TestSuite.UpdateAccount" name="MODULE7_12" time="1.661"/>
  <testcase classname="TestSuite.UpdateAccount" name="MODULE7_04" time="1.614"/>
  <testcase classname="TestSuite.UpdateAccount" name="MODULE7_07" time="1.603"/>
  <testcase classname="TestSuite.UpdateAccount" name="MODULE7_10" time="1.575"/>
  <testcase classname="TestSuite.UpdateAccount" name="MODULE7_11" time="1.504"/>
  <testcase classname="TestSuite.UpdateAccount" name="MODULE7_01" time="2.818"/>
</testsuite> <!-- TestSuite.UpdateAccount -->
