<?xml version="1.0" encoding="UTF-8"?>
<!-- Generated by org.testng.reporters.JUnitReportReporter -->
<testsuite hostname="DESKTOP-5LK3T5V" failures="0" tests="8" name="TestSuite.OrderWithLogin" time="267.231" errors="0" timestamp="2023-05-07T10:40:11 ICT" skipped="0">
  <testcase classname="TestSuite.OrderWithLogin" name="ITS_08_08" time="34.565"/>
  <testcase classname="TestSuite.OrderWithLogin" name="ITS_08_03" time="32.508"/>
  <testcase classname="TestSuite.OrderWithLogin" name="ITS_08_02" time="34.702"/>
  <testcase classname="TestSuite.OrderWithLogin" name="ITS_08_05" time="32.801"/>
  <testcase classname="TestSuite.OrderWithLogin" name="ITS_08_07" time="33.479"/>
  <testcase classname="TestSuite.OrderWithLogin" name="ITS_08_06" time="32.420"/>
  <testcase classname="TestSuite.OrderWithLogin" name="ITS_08_04" time="33.716"/>
  <testcase classname="TestSuite.OrderWithLogin" name="ITS_08_01" time="33.040"/>
</testsuite> <!-- TestSuite.OrderWithLogin -->
