<?xml version="1.0" encoding="UTF-8"?>
<!-- Generated by org.testng.reporters.JUnitReportReporter -->
<testsuite hostname="anhhn-HP-EliteBook-8470p" failures="0" tests="1" name="TestSuite.Logout" time="5.306" errors="0" timestamp="2022-10-25T22:04:14 ICT" skipped="0">
  <testcase classname="TestSuite.Logout" name="MODULE4_01" time="5.306"/>
</testsuite> <!-- TestSuite.Logout -->
