<?xml version="1.0" encoding="UTF-8"?>
<!-- Generated by org.testng.reporters.JUnitReportReporter -->
<testsuite hostname="DESKTOP-5LK3T5V" failures="0" tests="6" name="TestSuite.Search" time="44.856" errors="0" timestamp="2023-05-07T11:22:44 ICT" skipped="0">
  <testcase classname="TestSuite.Search" name="ITS_05_02" time="8.405"/>
  <testcase classname="TestSuite.Search" name="ITS_05_04" time="6.827"/>
  <testcase classname="TestSuite.Search" name="ITS_05_06" time="6.999"/>
  <testcase classname="TestSuite.Search" name="ITS_05_03" time="7.030"/>
  <testcase classname="TestSuite.Search" name="ITS_05_01" time="7.465"/>
  <testcase classname="TestSuite.Search" name="ITS_05_05" time="8.130"/>
</testsuite> <!-- TestSuite.Search -->
